[2020-01-06 18:38:50] DiscordPHP.INFO: gateway retrieved and set {"gateway":"wss://gateway.discord.gg/?v=6&encoding=json"} []
[2020-01-06 18:38:50] DiscordPHP.INFO: starting connection to websocket {"gateway":"wss://gateway.discord.gg/?v=6&encoding=json"} []
[2020-01-06 18:38:50] DiscordPHP.INFO: websocket connection has been created [] []
[2020-01-06 18:38:50] DiscordPHP.INFO: received hello [] []
[2020-01-06 18:38:50] DiscordPHP.INFO: identifying {"payload":{"op":2,"d":{"token":"MzQ3NDA1MTk0NTQxNDAwMDY0.XhLxgA.nWB2C_pDBhqmAYxl3P0EDQ2tNoE","properties":{"$os":"Linux","$browser":"DiscordPHP/v4.0.3 DiscordBot (https://github.com/teamreflex/DiscordPHP, v4.0.3)","$device":"DiscordPHP/v4.0.3 DiscordBot (https://github.com/teamreflex/DiscordPHP, v4.0.3)","$referrer":"https://github.com/teamreflex/DiscordPHP","$referring_domain":"https://github.com/teamreflex/DiscordPHP"},"compress":true}}} []
[2020-01-06 18:38:50] DiscordPHP.INFO: heartbeat timer initilized {"interval":41250} []
[2020-01-06 18:38:51] DiscordPHP.INFO: did not parse private channels [] []
[2020-01-06 18:38:51] DiscordPHP.INFO: stored guilds {"count":0} []
[2020-01-06 18:38:51] DiscordPHP.INFO: all guilds are now available {"count":2} []
[2020-01-06 18:38:51] DiscordPHP.INFO: loadAllMembers option is disabled, not setting chunking up [] []
[2020-01-06 18:38:51] DiscordPHP.INFO: client is ready [] []
Bot is ready.
timetogo[2020-01-06 18:40:19] DiscordPHP.INFO: gateway retrieved and set {"gateway":"wss://gateway.discord.gg/?v=6&encoding=json"} []
[2020-01-06 18:40:19] DiscordPHP.INFO: starting connection to websocket {"gateway":"wss://gateway.discord.gg/?v=6&encoding=json"} []
[2020-01-06 18:40:19] DiscordPHP.INFO: websocket connection has been created [] []
[2020-01-06 18:40:19] DiscordPHP.INFO: received hello [] []
[2020-01-06 18:40:19] DiscordPHP.INFO: identifying {"payload":{"op":2,"d":{"token":"MzQ0NTg4ODI5NzkwODMwNTky.XhN-5A.h3BsdG-vqLvT7l0eVvx-al7nJqA","properties":{"$os":"Linux","$browser":"DiscordPHP/v4.0.3 DiscordBot (https://github.com/teamreflex/DiscordPHP, v4.0.3)","$device":"DiscordPHP/v4.0.3 DiscordBot (https://github.com/teamreflex/DiscordPHP, v4.0.3)","$referrer":"https://github.com/teamreflex/DiscordPHP","$referring_domain":"https://github.com/teamreflex/DiscordPHP"},"compress":true}}} []
[2020-01-06 18:40:19] DiscordPHP.INFO: heartbeat timer initilized {"interval":41250} []
[2020-01-06 18:40:22] DiscordPHP.INFO: did not parse private channels [] []
[2020-01-06 18:40:22] DiscordPHP.INFO: stored guilds {"count":0} []
[2020-01-06 18:40:22] DiscordPHP.INFO: all guilds are now available {"count":6} []
[2020-01-06 18:40:22] DiscordPHP.INFO: loadAllMembers option is disabled, not setting chunking up [] []
[2020-01-06 18:40:22] DiscordPHP.INFO: client is ready [] []
Bot is ready.
timetogo[2020-01-07 10:23:50] DiscordPHP.INFO: gateway retrieved and set {"gateway":"wss://gateway.discord.gg/?v=6&encoding=json"} []
[2020-01-07 10:23:50] DiscordPHP.INFO: starting connection to websocket {"gateway":"wss://gateway.discord.gg/?v=6&encoding=json"} []
[2020-01-07 10:23:50] DiscordPHP.INFO: websocket connection has been created [] []
[2020-01-07 10:23:50] DiscordPHP.INFO: received hello [] []
[2020-01-07 10:23:50] DiscordPHP.INFO: identifying {"payload":{"op":2,"d":{"token":"MzQ0NTg4ODI5NzkwODMwNTky.XhN-5A.h3BsdG-vqLvT7l0eVvx-al7nJqA","properties":{"$os":"Linux","$browser":"DiscordPHP/v4.0.3 DiscordBot (https://github.com/teamreflex/DiscordPHP, v4.0.3)","$device":"DiscordPHP/v4.0.3 DiscordBot (https://github.com/teamreflex/DiscordPHP, v4.0.3)","$referrer":"https://github.com/teamreflex/DiscordPHP","$referring_domain":"https://github.com/teamreflex/DiscordPHP"},"compress":true}}} []
[2020-01-07 10:23:50] DiscordPHP.INFO: heartbeat timer initilized {"interval":41250} []
[2020-01-07 10:23:51] DiscordPHP.INFO: did not parse private channels [] []
[2020-01-07 10:23:51] DiscordPHP.INFO: stored guilds {"count":0} []
[2020-01-07 10:23:52] DiscordPHP.INFO: all guilds are now available {"count":6} []
[2020-01-07 10:23:52] DiscordPHP.INFO: loadAllMembers option is disabled, not setting chunking up [] []
[2020-01-07 10:23:52] DiscordPHP.INFO: client is ready [] []
Bot is ready.
timetogo[2020-01-07 10:38:42] DiscordPHP.INFO: gateway retrieved and set {"gateway":"wss://gateway.discord.gg/?v=6&encoding=json"} []
[2020-01-07 10:38:42] DiscordPHP.INFO: starting connection to websocket {"gateway":"wss://gateway.discord.gg/?v=6&encoding=json"} []
[2020-01-07 10:38:42] DiscordPHP.INFO: websocket connection has been created [] []
[2020-01-07 10:38:42] DiscordPHP.INFO: received hello [] []
[2020-01-07 10:38:42] DiscordPHP.INFO: identifying {"payload":{"op":2,"d":{"token":"MzQ0NTg4ODI5NzkwODMwNTky.XhN-5A.h3BsdG-vqLvT7l0eVvx-al7nJqA","properties":{"$os":"Linux","$browser":"DiscordPHP/v4.0.3 DiscordBot (https://github.com/teamreflex/DiscordPHP, v4.0.3)","$device":"DiscordPHP/v4.0.3 DiscordBot (https://github.com/teamreflex/DiscordPHP, v4.0.3)","$referrer":"https://github.com/teamreflex/DiscordPHP","$referring_domain":"https://github.com/teamreflex/DiscordPHP"},"compress":true}}} []
[2020-01-07 10:38:42] DiscordPHP.INFO: heartbeat timer initilized {"interval":41250} []
[2020-01-07 10:38:42] DiscordPHP.INFO: did not parse private channels [] []
[2020-01-07 10:38:42] DiscordPHP.INFO: stored guilds {"count":0} []
[2020-01-07 10:38:42] DiscordPHP.INFO: all guilds are now available {"count":6} []
[2020-01-07 10:38:42] DiscordPHP.INFO: loadAllMembers option is disabled, not setting chunking up [] []
[2020-01-07 10:38:42] DiscordPHP.INFO: client is ready [] []
Bot is ready.
timetogo